#
# A fatal error has been detected by the Java Runtime Environment:
#
#  EXCEPTION_ACCESS_VIOLATION (0xc0000005) at pc=0x000000006926b5c0, pid=4648, tid=808
#
# JRE version: Java(TM) SE Runtime Environment (7.0_45-b18) (build 1.7.0_45-b18)
# Java VM: Java HotSpot(TM) 64-Bit Server VM (24.45-b08 mixed mode windows-amd64 compressed oops)
# Problematic frame:
# C  [atio6axx.dll+0x23b5c0]
#
# Failed to write core dump. Minidumps are not enabled by default on client versions of Windows
#
# If you would like to submit a bug report, please visit:
#   http://bugreport.sun.com/bugreport/crash.jsp
# The crash happened outside the Java Virtual Machine in native code.
# See problematic frame for where to report the bug.
#

---------------  T H R E A D  ---------------

Current thread (0x0000000002050800):  JavaThread "main" [_thread_in_native, id=808, stack(0x0000000001ea0000,0x0000000001fa0000)]

siginfo: ExceptionCode=0xc0000005, reading address 0x0000000000000000

Registers:
RAX=0x0000000000000000, RBX=0x000000000b3fd000, RCX=0x000000000b3fd000, RDX=0x0000000000000000
RSP=0x0000000001f9eac0, RBP=0x0000000000000108, RSI=0x0000000000000010, RDI=0x0000000000000010
R8 =0x000000000b3fd030, R9 =0x000000000b3fd029, R10=0x000000000001d000, R11=0x0000000001f9eea0
R12=0x0000000000000001, R13=0x0000000000000003, R14=0x000000006a7fd0c0, R15=0x0000000000000030
RIP=0x000000006926b5c0, EFLAGS=0x0000000000010297

Top of Stack: (sp=0x0000000001f9eac0)
0x0000000001f9eac0:   0000000000000030 000000000001d000
0x0000000001f9ead0:   0000000000000003 0000000000000108
0x0000000001f9eae0:   000000000aa68fc0 000000000aa68fd0
0x0000000001f9eaf0:   0000000000000001 000000006a3fbacb
0x0000000001f9eb00:   0000000000000003 0000000000000002
0x0000000001f9eb10:   0000000000000018 0000000069ba32de
0x0000000001f9eb20:   0000000000000000 0000000008f93e00
0x0000000001f9eb30:   000000000aaffab0 000000000003fc00
0x0000000001f9eb40:   0000000008fb3f30 000000000a0cc800
0x0000000001f9eb50:   0000000000000030 000000006a3fbacb
0x0000000001f9eb60:   000000000aaffab0 0000000000000002
0x0000000001f9eb70:   0000000000000030 000000000a0cc800
0x0000000001f9eb80:   0000000000000008 0000000069ba32de
0x0000000001f9eb90:   0000000000000000 0000000008fb3f30
0x0000000001f9eba0:   0000000000000040 0000000008f93e00
0x0000000001f9ebb0:   000000000a92e200 0000000069923c94 

Instructions: (pc=0x000000006926b5c0)
0x000000006926b5a0:   70 45 8b c7 48 8b cb 4c 03 c3 4d 8d 48 f9 49 3b
0x000000006926b5b0:   d9 73 21 66 66 66 66 66 0f 1f 84 00 00 00 00 00
0x000000006926b5c0:   48 8b 02 48 83 c1 08 48 83 c2 08 48 89 41 f8 49
0x000000006926b5d0:   3b c9 72 ec 4d 8d 48 fd 49 3b c9 73 15 0f 1f 00 


Register to memory mapping:

RAX=0x0000000000000000 is an unknown value
RBX=0x000000000b3fd000 is an unknown value
RCX=0x000000000b3fd000 is an unknown value
RDX=0x0000000000000000 is an unknown value
RSP=0x0000000001f9eac0 is pointing into the stack for thread: 0x0000000002050800
RBP=0x0000000000000108 is an unknown value
RSI=0x0000000000000010 is an unknown value
RDI=0x0000000000000010 is an unknown value
R8 =0x000000000b3fd030 is an unknown value
R9 =0x000000000b3fd029 is an unknown value
R10=0x000000000001d000 is an unknown value
R11=0x0000000001f9eea0 is pointing into the stack for thread: 0x0000000002050800
R12=0x0000000000000001 is an unknown value
R13=0x0000000000000003 is an unknown value
R14=0x000000006a7fd0c0 is an unknown value
R15=0x0000000000000030 is an unknown value


Stack: [0x0000000001ea0000,0x0000000001fa0000],  sp=0x0000000001f9eac0,  free space=1018k
Native frames: (J=compiled Java code, j=interpreted, Vv=VM code, C=native code)
C  [atio6axx.dll+0x23b5c0]

[error occurred during error reporting (printing native stack), id 0xc0000005]

Java frames: (J=compiled Java code, j=interpreted, Vv=VM code)
j  org.lwjgl.opengl.GL11.nglDrawArrays(IIIJ)V+0
j  org.lwjgl.opengl.GL11.glDrawArrays(III)V+20
j  PracticeOpenGL.MultipleTextures1Vbo.main([Ljava/lang/String;)V+524
v  ~StubRoutines::call_stub

---------------  P R O C E S S  ---------------

Java Threads: ( => current thread )
  0x0000000007200800 JavaThread "Service Thread" daemon [_thread_blocked, id=128, stack(0x0000000008340000,0x0000000008440000)]
  0x00000000071ff800 JavaThread "C2 CompilerThread1" daemon [_thread_blocked, id=36, stack(0x0000000008240000,0x0000000008340000)]
  0x00000000071ee000 JavaThread "C2 CompilerThread0" daemon [_thread_blocked, id=452, stack(0x0000000008140000,0x0000000008240000)]
  0x00000000071ec800 JavaThread "Attach Listener" daemon [_thread_blocked, id=2864, stack(0x0000000008040000,0x0000000008140000)]
  0x00000000071e9800 JavaThread "Signal Dispatcher" daemon [_thread_blocked, id=2596, stack(0x0000000007f40000,0x0000000008040000)]
  0x00000000071b6800 JavaThread "Finalizer" daemon [_thread_blocked, id=3856, stack(0x0000000007e40000,0x0000000007f40000)]
  0x00000000071ae800 JavaThread "Reference Handler" daemon [_thread_blocked, id=1444, stack(0x0000000007d40000,0x0000000007e40000)]
=>0x0000000002050800 JavaThread "main" [_thread_in_native, id=808, stack(0x0000000001ea0000,0x0000000001fa0000)]

Other Threads:
  0x00000000071ab000 VMThread [stack: 0x0000000007c40000,0x0000000007d40000] [id=764]
  0x000000000720a000 WatcherThread [stack: 0x0000000008440000,0x0000000008540000] [id=4548]

VM state:not at safepoint (normal execution)

VM Mutex/Monitor currently owned by a thread: None

Heap
 PSYoungGen      total 13824K, used 4461K [0x00000000f1500000, 0x00000000f2400000, 0x0000000100000000)
  eden space 12288K, 36% used [0x00000000f1500000,0x00000000f195b660,0x00000000f2100000)
  from space 1536K, 0% used [0x00000000f2280000,0x00000000f2280000,0x00000000f2400000)
  to   space 1536K, 0% used [0x00000000f2100000,0x00000000f2100000,0x00000000f2280000)
 ParOldGen       total 29696K, used 0K [0x00000000d4000000, 0x00000000d5d00000, 0x00000000f1500000)
  object space 29696K, 0% used [0x00000000d4000000,0x00000000d4000000,0x00000000d5d00000)
 PSPermGen       total 21504K, used 4927K [0x00000000cee00000, 0x00000000d0300000, 0x00000000d4000000)
  object space 21504K, 22% used [0x00000000cee00000,0x00000000cf2cfc68,0x00000000d0300000)

Card table byte_map: [0x0000000005210000,0x00000000053a0000] byte_map_base: 0x0000000004b99000

Polling page: 0x00000000006b0000

Code Cache  [0x0000000002150000, 0x00000000023c0000, 0x0000000005150000)
 total_blobs=350 nmethods=20 adapters=284 free_code_cache=48670Kb largest_free_block=49836736

Compilation events (10 events):
Event: 0.749 Thread 0x00000000071ee000 nmethod 16 0x00000000021bec90 code [0x00000000021bede0, 0x00000000021bef18]
Event: 0.749 Thread 0x00000000071ee000   17             org.lwjgl.MemoryUtil$CharSequenceNT::charAt (28 bytes)
Event: 0.751 Thread 0x00000000071ee000 nmethod 17 0x00000000021be850 code [0x00000000021be9a0, 0x00000000021bea78]
Event: 0.754 Thread 0x00000000071ff800 nmethod 12 0x00000000021c20d0 code [0x00000000021c2280, 0x00000000021c2760]
Event: 0.785 Thread 0x00000000071ee000   18             java.lang.String::equals (81 bytes)
Event: 0.789 Thread 0x00000000071ee000 nmethod 18 0x00000000021c1bd0 code [0x00000000021c1d20, 0x00000000021c1f58]
Event: 0.830 Thread 0x00000000071ff800   19             sun.nio.cs.UTF_8$Encoder::encode (361 bytes)
Event: 0.834 Thread 0x00000000071ee000   20             java.lang.String::startsWith (72 bytes)
Event: 0.837 Thread 0x00000000071ee000 nmethod 20 0x00000000021c6150 code [0x00000000021c62a0, 0x00000000021c6438]
Event: 0.841 Thread 0x00000000071ff800 nmethod 19 0x00000000021c5410 code [0x00000000021c5580, 0x00000000021c5c78]

GC Heap History (0 events):
No events

Deoptimization events (0 events):
No events

Internal exceptions (10 events):
Event: 0.866 Thread 0x0000000002050800 Threw 0x00000000f18b1768 at C:\re\jdk7u45\229\hotspot\src\share\vm\prims\jvm.cpp:1244
Event: 0.867 Thread 0x0000000002050800 Threw 0x00000000f18b4ea0 at C:\re\jdk7u45\229\hotspot\src\share\vm\prims\jvm.cpp:1244
Event: 0.867 Thread 0x0000000002050800 Threw 0x00000000f18b50c8 at C:\re\jdk7u45\229\hotspot\src\share\vm\prims\jvm.cpp:1244
Event: 0.870 Thread 0x0000000002050800 Threw 0x00000000f18d59c8 at C:\re\jdk7u45\229\hotspot\src\share\vm\prims\jvm.cpp:1244
Event: 0.872 Thread 0x0000000002050800 Threw 0x00000000f18dae98 at C:\re\jdk7u45\229\hotspot\src\share\vm\prims\jvm.cpp:1244
Event: 0.872 Thread 0x0000000002050800 Threw 0x00000000f18de458 at C:\re\jdk7u45\229\hotspot\src\share\vm\prims\jvm.cpp:1244
Event: 0.873 Thread 0x0000000002050800 Threw 0x00000000f18e3c40 at C:\re\jdk7u45\229\hotspot\src\share\vm\prims\jvm.cpp:1244
Event: 0.880 Thread 0x0000000002050800 Threw 0x00000000f1908560 at C:\re\jdk7u45\229\hotspot\src\share\vm\prims\jvm.cpp:1244
Event: 0.883 Thread 0x0000000002050800 Threw 0x00000000f1915218 at C:\re\jdk7u45\229\hotspot\src\share\vm\prims\jvm.cpp:1244
Event: 0.889 Thread 0x0000000002050800 Threw 0x00000000f191a190 at C:\re\jdk7u45\229\hotspot\src\share\vm\prims\jvm.cpp:1244

Events (10 events):
Event: 0.882 loading class 0x00000000020e3740
Event: 0.882 loading class 0x00000000020e3740 done
Event: 0.883 loading class 0x000000000859d180
Event: 0.883 loading class 0x000000000859d180 done
Event: 0.884 loading class 0x00000000086a66a0
Event: 0.884 loading class 0x0000000008548410
Event: 0.884 loading class 0x0000000008548410 done
Event: 0.884 loading class 0x00000000086a66a0 done
Event: 0.889 loading class 0x00000000085ed2b0
Event: 0.889 loading class 0x00000000085ed2b0 done


Dynamic libraries:
0x00007ff72f760000 - 0x00007ff72f793000 	C:\Program Files\Java\jre7\bin\javaw.exe
0x00007ffa97c10000 - 0x00007ffa97db9000 	C:\WINDOWS\SYSTEM32\ntdll.dll
0x00007ffa975d0000 - 0x00007ffa97709000 	C:\WINDOWS\system32\KERNEL32.DLL
0x00007ffa95160000 - 0x00007ffa9526e000 	C:\WINDOWS\system32\KERNELBASE.dll
0x00007ffa93bc0000 - 0x00007ffa93c4b000 	C:\WINDOWS\system32\apphelp.dll
0x00007ffa91c30000 - 0x00007ffa91c7f000 	C:\WINDOWS\AppPatch\AppPatch64\AcGenral.DLL
0x00007ffa95c10000 - 0x00007ffa95cb7000 	C:\WINDOWS\system32\msvcrt.dll
0x00007ffa94e40000 - 0x00007ffa94e6b000 	C:\WINDOWS\SYSTEM32\SspiCli.dll
0x00007ffa97570000 - 0x00007ffa975c1000 	C:\WINDOWS\system32\SHLWAPI.dll
0x00007ffa95a80000 - 0x00007ffa95bf1000 	C:\WINDOWS\system32\USER32.dll
0x00007ffa97a90000 - 0x00007ffa97c06000 	C:\WINDOWS\system32\ole32.dll
0x00007ffa96160000 - 0x00007ffa9756f000 	C:\WINDOWS\system32\SHELL32.dll
0x00007ffa94620000 - 0x00007ffa9463f000 	C:\WINDOWS\SYSTEM32\USERENV.dll
0x00007ffa959d0000 - 0x00007ffa95a75000 	C:\WINDOWS\system32\ADVAPI32.dll
0x00007ffa8a400000 - 0x00007ffa8a41b000 	C:\WINDOWS\SYSTEM32\MPR.dll
0x00007ffa95890000 - 0x00007ffa959c6000 	C:\WINDOWS\system32\RPCRT4.dll
0x00007ffa97710000 - 0x00007ffa97767000 	C:\WINDOWS\SYSTEM32\sechost.dll
0x00007ffa978b0000 - 0x00007ffa97a87000 	C:\WINDOWS\SYSTEM32\combase.dll
0x00007ffa95e60000 - 0x00007ffa95fa5000 	C:\WINDOWS\system32\GDI32.dll
0x00007ffa94f90000 - 0x00007ffa94fa4000 	C:\WINDOWS\SYSTEM32\profapi.dll
0x00007ffa935c0000 - 0x00007ffa93661000 	C:\WINDOWS\SYSTEM32\SHCORE.dll
0x00007ffa97780000 - 0x00007ffa977b4000 	C:\WINDOWS\system32\IMM32.DLL
0x00007ffa95d20000 - 0x00007ffa95e58000 	C:\WINDOWS\system32\MSCTF.dll
0x00007ffa92fe0000 - 0x00007ffa9323a000 	C:\WINDOWS\WinSxS\amd64_microsoft.windows.common-controls_6595b64144ccf1df_6.0.9600.16384_none_62475f7becb72503\COMCTL32.dll
0x0000000054e80000 - 0x0000000054f52000 	C:\Program Files\Java\jre7\bin\msvcr100.dll
0x00000000546b0000 - 0x0000000054e79000 	C:\Program Files\Java\jre7\bin\server\jvm.dll
0x00007ffa90860000 - 0x00007ffa90869000 	C:\WINDOWS\SYSTEM32\WSOCK32.dll
0x00007ffa91ba0000 - 0x00007ffa91bbf000 	C:\WINDOWS\SYSTEM32\WINMM.dll
0x00007ffa95c00000 - 0x00007ffa95c07000 	C:\WINDOWS\system32\PSAPI.DLL
0x00007ffa96100000 - 0x00007ffa96158000 	C:\WINDOWS\system32\WS2_32.dll
0x00007ffa90ad0000 - 0x00007ffa90afa000 	C:\WINDOWS\SYSTEM32\WINMMBASE.dll
0x00007ffa95820000 - 0x00007ffa95829000 	C:\WINDOWS\system32\NSI.dll
0x00007ffa95270000 - 0x00007ffa952ba000 	C:\WINDOWS\SYSTEM32\cfgmgr32.dll
0x00007ffa93e10000 - 0x00007ffa93e36000 	C:\WINDOWS\SYSTEM32\DEVOBJ.dll
0x00000000546a0000 - 0x00000000546af000 	C:\Program Files\Java\jre7\bin\verify.dll
0x0000000054670000 - 0x0000000054698000 	C:\Program Files\Java\jre7\bin\java.dll
0x0000000054650000 - 0x0000000054665000 	C:\Program Files\Java\jre7\bin\zip.dll
0x0000000180000000 - 0x0000000180050000 	C:\Users\jason\git\DungeonCrawlerTest\OpenGL\lib\natives\lwjgl64.dll
0x00007ffa85ab0000 - 0x00007ffa85bd1000 	C:\WINDOWS\SYSTEM32\OPENGL32.dll
0x00007ffa92660000 - 0x00007ffa9266a000 	C:\WINDOWS\SYSTEM32\VERSION.dll
0x00007ffa8f170000 - 0x00007ffa8f19c000 	C:\WINDOWS\SYSTEM32\GLU32.dll
0x00007ffa853c0000 - 0x00007ffa854b4000 	C:\WINDOWS\SYSTEM32\DDRAW.dll
0x00007ffa8ffc0000 - 0x00007ffa8ffc9000 	C:\WINDOWS\SYSTEM32\DCIMAN32.dll
0x00007ffa93720000 - 0x00007ffa93842000 	C:\WINDOWS\system32\uxtheme.dll
0x00007ffa933e0000 - 0x00007ffa93401000 	C:\WINDOWS\system32\dwmapi.dll
0x00007ffa8f2f0000 - 0x00007ffa8f2f9000 	C:\WINDOWS\SYSTEM32\atig6pxx.dll
0x0000000069030000 - 0x000000006a988000 	C:\WINDOWS\SYSTEM32\atio6axx.dll
0x00007ffa95640000 - 0x00007ffa95816000 	C:\WINDOWS\system32\SETUPAPI.dll
0x00007ffa92160000 - 0x00007ffa921f0000 	C:\WINDOWS\SYSTEM32\atiadlxx.dll
0x00007ffa936d0000 - 0x00007ffa936e1000 	C:\WINDOWS\SYSTEM32\WTSAPI32.dll
0x00007ffa95110000 - 0x00007ffa9515e000 	C:\WINDOWS\system32\WINTRUST.dll
0x00007ffa952c0000 - 0x00007ffa95497000 	C:\WINDOWS\system32\CRYPT32.dll
0x00007ffa95040000 - 0x00007ffa95052000 	C:\WINDOWS\system32\MSASN1.dll
0x00007ffa92000000 - 0x00007ffa9210e000 	C:\WINDOWS\SYSTEM32\aticfx64.dll
0x00007ffa8f160000 - 0x00007ffa8f16e000 	C:\WINDOWS\SYSTEM32\atig6txx.dll
0x00007ffa93e60000 - 0x00007ffa93e6a000 	C:\WINDOWS\SYSTEM32\kernel.appcore.dll
0x00007ffa94ed0000 - 0x00007ffa94eda000 	C:\WINDOWS\SYSTEM32\CRYPTBASE.dll
0x00007ffa94e70000 - 0x00007ffa94ece000 	C:\WINDOWS\SYSTEM32\bcryptPrimitives.dll
0x00007ffa85de0000 - 0x00007ffa85e6d000 	C:\WINDOWS\SYSTEM32\mscms.dll
0x00007ffa89580000 - 0x00007ffa895c1000 	C:\WINDOWS\SYSTEM32\icm32.dll
0x0000000054630000 - 0x0000000054649000 	C:\Program Files\Java\jre7\bin\net.dll
0x00007ffa948c0000 - 0x00007ffa94918000 	C:\WINDOWS\system32\mswsock.dll
0x0000000054610000 - 0x0000000054621000 	C:\Program Files\Java\jre7\bin\nio.dll
0x0000000054470000 - 0x0000000054605000 	C:\Program Files\Java\jre7\bin\awt.dll
0x00007ffa977c0000 - 0x00007ffa97877000 	C:\WINDOWS\system32\OLEAUT32.dll
0x00007ffa85be0000 - 0x00007ffa85d68000 	C:\WINDOWS\SYSTEM32\dbghelp.dll

VM Arguments:
jvm_args: -Djava.library.path=C:\Users\jason\git\DungeonCrawlerTest\OpenGL\lib\natives -Dfile.encoding=Cp1252 
java_command: PracticeOpenGL.MultipleTextures1Vbo
Launcher Type: SUN_STANDARD

Environment Variables:
PATH=C:\Program Files (x86)\AMD APP\bin\x86_64;C:\Program Files (x86)\AMD APP\bin\x86;C:\WINDOWS\system32;C:\WINDOWS;C:\WINDOWS\System32\Wbem;C:\WINDOWS\System32\WindowsPowerShell\v1.0\;C:\Program Files\Microsoft\Web Platform Installer\;C:\Program Files (x86)\Microsoft ASP.NET\ASP.NET Web Pages\v1.0\;C:\Program Files (x86)\Windows Kits\8.0\Windows Performance Toolkit\;C:\Program Files\Microsoft SQL Server\110\Tools\Binn\;C:\Program Files (x86)\Git\cmd;C:\Program Files\Java\jdk1.7.0_45\bin;C:\Program Files (x86)\ATI Technologies\ATI.ACE\Core-Static;C:\Users\jason\AppData\Local\Smartbar\Application\;C:\Users\jason\AppData\Local\Smartbar\Application\
USERNAME=jason
OS=Windows_NT
PROCESSOR_IDENTIFIER=AMD64 Family 16 Model 6 Stepping 3, AuthenticAMD



---------------  S Y S T E M  ---------------

OS: Windows 8 , 64 bit Build 9200 

CPU:total 2 (2 cores per cpu, 1 threads per core) family 16 model 6 stepping 3, cmov, cx8, fxsr, mmx, sse, sse2, sse3, popcnt, mmxext, 3dnowpref, lzcnt, sse4a, tsc, tscinvbit, tscinv

Memory: 4k page, physical 2878360k(1131240k free), swap 4058008k(1512176k free)

vm_info: Java HotSpot(TM) 64-Bit Server VM (24.45-b08) for windows-amd64 JRE (1.7.0_45-b18), built on Oct  8 2013 05:47:22 by "java_re" with unknown MS VC++:1600

time: Thu Jan 30 06:25:49 2014
elapsed time: 0 seconds

